openocd : Open On-Chip Debugger 0.10.0 (2019-08-28) [https://github.com/sysprogs/openocd]
In riga:1 car:1
+ openocd -f "$Loc\openocd\interface_stlink.cfg" -c "init;" -c "load_im ...
+ ~~~~~~~~~~~~~~~~~~~~~~~~~~~~~~~~~~~~~~~~~~~~~~~~~~~~~~~~~~~~~~~~~~~~~
    + CategoryInfo          : NotSpecified: (Open On-Chip De...sprogs/openocd]:String) [], RemoteException
    + FullyQualifiedErrorId : NativeCommandError
 
Licensed under GNU GPL v2
For bug reports, read
	http://openocd.org/doc/doxygen/bugs.html
Info : The selected transport took over low-level target control. The results might differ compared to plain JTAG/SWD
none separate

Info : clock speed 1800 kHz
Info : STLINK V2J33M25 (API v2) VID:PID 0483:374B
Info : Target voltage: 3.242603
Error: init mode failed (unable to connect to the target)


openocd : Open On-Chip Debugger 0.10.0 (2019-08-28) [https://github.com/sysprogs/openocd]
In riga:1 car:1
+ openocd -f "$Loc\openocd\interface_stlink.cfg" -c "init;" -c "load_im ...
+ ~~~~~~~~~~~~~~~~~~~~~~~~~~~~~~~~~~~~~~~~~~~~~~~~~~~~~~~~~~~~~~~~~~~~~
    + CategoryInfo          : NotSpecified: (Open On-Chip De...sprogs/openocd]:String) [], RemoteException
    + FullyQualifiedErrorId : NativeCommandError
 
Licensed under GNU GPL v2
For bug reports, read
	http://openocd.org/doc/doxygen/bugs.html
Info : The selected transport took over low-level target control. The results might differ compared to plain JTAG/SWD
none separate

Info : clock speed 1800 kHz
Info : STLINK V2J33M25 (API v2) VID:PID 0483:374B
Info : Target voltage: 3.233136
Error: init mode failed (unable to connect to the target)


openocd : Open On-Chip Debugger 0.10.0 (2019-08-28) [https://github.com/sysprogs/openocd]
In riga:1 car:1
+ openocd -f "$Loc\openocd\interface_stlink.cfg" -c "init;" -c "load_im ...
+ ~~~~~~~~~~~~~~~~~~~~~~~~~~~~~~~~~~~~~~~~~~~~~~~~~~~~~~~~~~~~~~~~~~~~~
    + CategoryInfo          : NotSpecified: (Open On-Chip De...sprogs/openocd]:String) [], RemoteException
    + FullyQualifiedErrorId : NativeCommandError
 
Licensed under GNU GPL v2
For bug reports, read
	http://openocd.org/doc/doxygen/bugs.html
Info : The selected transport took over low-level target control. The results might differ compared to plain JTAG/SWD
none separate

Info : clock speed 1800 kHz
Info : STLINK V2J33M25 (API v2) VID:PID 0483:374B
Info : Target voltage: 3.242603
Error: init mode failed (unable to connect to the target)


openocd : Open On-Chip Debugger 0.10.0 (2019-08-28) [https://github.com/sysprogs/openocd]
In riga:1 car:1
+ openocd -f "$Loc\openocd\interface_stlink.cfg" -c "init;" -c "load_im ...
+ ~~~~~~~~~~~~~~~~~~~~~~~~~~~~~~~~~~~~~~~~~~~~~~~~~~~~~~~~~~~~~~~~~~~~~
    + CategoryInfo          : NotSpecified: (Open On-Chip De...sprogs/openocd]:String) [], RemoteException
    + FullyQualifiedErrorId : NativeCommandError
 
Licensed under GNU GPL v2
For bug reports, read
	http://openocd.org/doc/doxygen/bugs.html
Info : The selected transport took over low-level target control. The results might differ compared to plain JTAG/SWD
none separate

Info : clock speed 1800 kHz
Info : STLINK V2J33M25 (API v2) VID:PID 0483:374B
Info : Target voltage: 3.236292
Info : stm32h7x.cpu: hardware has 8 breakpoints, 4 watchpoints
Info : Listening on port 3333 for gdb connections
19824 bytes written at address 0x20000000
downloaded 19824 bytes in 0.199015s (97.276 KiB/s)

target halted due to debug-request, current mode: Handler HardFault
xPSR: 0x01000003 pc: 0xfffffffe msp: 0xfffffffc
1048576 bytes written at address 0x24000000
downloaded 1048576 bytes in 10.509634s (97.434 KiB/s)

sp (/32): 0x20020000

pc (/32): 0x20003559

openocd : Open On-Chip Debugger 0.10.0 (2019-08-28) [https://github.com/sysprogs/openocd]
In riga:1 car:1
+ openocd -f "$Loc\openocd\interface_stlink.cfg" -c "init;" -c "load_im ...
+ ~~~~~~~~~~~~~~~~~~~~~~~~~~~~~~~~~~~~~~~~~~~~~~~~~~~~~~~~~~~~~~~~~~~~~
    + CategoryInfo          : NotSpecified: (Open On-Chip De...sprogs/openocd]:String) [], RemoteException
    + FullyQualifiedErrorId : NativeCommandError
 
Licensed under GNU GPL v2
For bug reports, read
	http://openocd.org/doc/doxygen/bugs.html
Info : The selected transport took over low-level target control. The results might differ compared to plain JTAG/SWD
none separate

Info : clock speed 1800 kHz
Info : STLINK V2J33M25 (API v2) VID:PID 0483:374B
Info : Target voltage: 3.239448
Info : stm32h7x.cpu: hardware has 8 breakpoints, 4 watchpoints
Info : Listening on port 3333 for gdb connections
19824 bytes written at address 0x20000000
downloaded 19824 bytes in 0.198387s (97.584 KiB/s)

target halted due to debug-request, current mode: Handler HardFault
xPSR: 0x01000003 pc: 0xfffffffe msp: 0xfffffffc
1048576 bytes written at address 0x24000000
downloaded 1048576 bytes in 10.504758s (97.480 KiB/s)

sp (/32): 0x20020000

pc (/32): 0x20003559

openocd : Open On-Chip Debugger 0.10.0 (2019-08-28) [https://github.com/sysprogs/openocd]
In riga:1 car:1
+ openocd -f "$Loc\openocd\interface_stlink.cfg" -c "init;" -c "load_im ...
+ ~~~~~~~~~~~~~~~~~~~~~~~~~~~~~~~~~~~~~~~~~~~~~~~~~~~~~~~~~~~~~~~~~~~~~
    + CategoryInfo          : NotSpecified: (Open On-Chip De...sprogs/openocd]:String) [], RemoteException
    + FullyQualifiedErrorId : NativeCommandError
 
Licensed under GNU GPL v2
For bug reports, read
	http://openocd.org/doc/doxygen/bugs.html
Info : The selected transport took over low-level target control. The results might differ compared to plain JTAG/SWD
none separate

Info : clock speed 1800 kHz
Info : STLINK V2J33M25 (API v2) VID:PID 0483:374B
Info : Target voltage: 3.233136
Info : stm32h7x.cpu: hardware has 8 breakpoints, 4 watchpoints
Info : Listening on port 3333 for gdb connections
19824 bytes written at address 0x20000000
downloaded 19824 bytes in 0.198591s (97.484 KiB/s)

target halted due to debug-request, current mode: Handler HardFault
xPSR: 0x01000003 pc: 0xfffffffe msp: 0xfffffffc
1048576 bytes written at address 0x24000000
downloaded 1048576 bytes in 10.508749s (97.443 KiB/s)

sp (/32): 0x20020000

pc (/32): 0x20003559

openocd : Open On-Chip Debugger 0.10.0 (2019-08-28) [https://github.com/sysprogs/openocd]
In riga:1 car:1
+ openocd -f "$Loc\openocd\interface_stlink.cfg" -c "init;" -c "load_im ...
+ ~~~~~~~~~~~~~~~~~~~~~~~~~~~~~~~~~~~~~~~~~~~~~~~~~~~~~~~~~~~~~~~~~~~~~
    + CategoryInfo          : NotSpecified: (Open On-Chip De...sprogs/openocd]:String) [], RemoteException
    + FullyQualifiedErrorId : NativeCommandError
 
Licensed under GNU GPL v2
For bug reports, read
	http://openocd.org/doc/doxygen/bugs.html
Info : The selected transport took over low-level target control. The results might differ compared to plain JTAG/SWD
none separate

Info : clock speed 1800 kHz
Info : STLINK V2J33M25 (API v2) VID:PID 0483:374B
Info : Target voltage: 3.239448
Info : stm32h7x.cpu: hardware has 8 breakpoints, 4 watchpoints
Info : Listening on port 3333 for gdb connections
19824 bytes written at address 0x20000000
downloaded 19824 bytes in 0.200136s (96.731 KiB/s)

target halted due to debug-request, current mode: Handler HardFault
xPSR: 0x01000003 pc: 0xfffffffe msp: 0xfffffffc
1048576 bytes written at address 0x24000000
downloaded 1048576 bytes in 10.499029s (97.533 KiB/s)

sp (/32): 0x20020000

pc (/32): 0x20003559

openocd : Open On-Chip Debugger 0.10.0 (2019-08-28) [https://github.com/sysprogs/openocd]
In riga:1 car:1
+ openocd -f "$Loc\openocd\interface_stlink.cfg" -c "init;" -c "load_im ...
+ ~~~~~~~~~~~~~~~~~~~~~~~~~~~~~~~~~~~~~~~~~~~~~~~~~~~~~~~~~~~~~~~~~~~~~
    + CategoryInfo          : NotSpecified: (Open On-Chip De...sprogs/openocd]:String) [], RemoteException
    + FullyQualifiedErrorId : NativeCommandError
 
Licensed under GNU GPL v2
For bug reports, read
	http://openocd.org/doc/doxygen/bugs.html
Info : The selected transport took over low-level target control. The results might differ compared to plain JTAG/SWD
none separate

Info : clock speed 1800 kHz
Info : STLINK V2J33M25 (API v2) VID:PID 0483:374B
Info : Target voltage: 3.239448
Info : stm32h7x.cpu: hardware has 8 breakpoints, 4 watchpoints
Info : Listening on port 3333 for gdb connections
19824 bytes written at address 0x20000000
downloaded 19824 bytes in 0.198196s (97.678 KiB/s)

target halted due to debug-request, current mode: Handler HardFault
xPSR: 0x01000003 pc: 0xfffffffe msp: 0xfffffffc
1048576 bytes written at address 0x24000000
downloaded 1048576 bytes in 10.508183s (97.448 KiB/s)

sp (/32): 0x20020000

pc (/32): 0x20003559

openocd : Open On-Chip Debugger 0.10.0 (2019-08-28) [https://github.com/sysprogs/openocd]
In riga:1 car:1
+ openocd -f "$Loc\openocd\interface_stlink.cfg" -c "init;" -c "load_im ...
+ ~~~~~~~~~~~~~~~~~~~~~~~~~~~~~~~~~~~~~~~~~~~~~~~~~~~~~~~~~~~~~~~~~~~~~
    + CategoryInfo          : NotSpecified: (Open On-Chip De...sprogs/openocd]:String) [], RemoteException
    + FullyQualifiedErrorId : NativeCommandError
 
Licensed under GNU GPL v2
For bug reports, read
	http://openocd.org/doc/doxygen/bugs.html
Info : The selected transport took over low-level target control. The results might differ compared to plain JTAG/SWD
none separate

Info : clock speed 1800 kHz
Info : STLINK V2J33M25 (API v2) VID:PID 0483:374B
Info : Target voltage: 3.236292
Info : stm32h7x.cpu: hardware has 8 breakpoints, 4 watchpoints
Info : Listening on port 3333 for gdb connections
19824 bytes written at address 0x20000000
downloaded 19824 bytes in 0.198951s (97.307 KiB/s)

target halted due to debug-request, current mode: Handler HardFault
xPSR: 0x01000003 pc: 0xfffffffe msp: 0xfffffffc
1048576 bytes written at address 0x24000000
downloaded 1048576 bytes in 10.507737s (97.452 KiB/s)

sp (/32): 0x20020000

pc (/32): 0x20003559

openocd : Open On-Chip Debugger 0.10.0 (2019-08-28) [https://github.com/sysprogs/openocd]
In riga:1 car:1
+ openocd -f "$Loc\openocd\interface_stlink.cfg" -c "init;" -c "load_im ...
+ ~~~~~~~~~~~~~~~~~~~~~~~~~~~~~~~~~~~~~~~~~~~~~~~~~~~~~~~~~~~~~~~~~~~~~
    + CategoryInfo          : NotSpecified: (Open On-Chip De...sprogs/openocd]:String) [], RemoteException
    + FullyQualifiedErrorId : NativeCommandError
 
Licensed under GNU GPL v2
For bug reports, read
	http://openocd.org/doc/doxygen/bugs.html
Info : The selected transport took over low-level target control. The results might differ compared to plain JTAG/SWD
none separate

Info : clock speed 1800 kHz
Info : STLINK V2J33M25 (API v2) VID:PID 0483:374B
Info : Target voltage: 3.236292
Info : stm32h7x.cpu: hardware has 8 breakpoints, 4 watchpoints
Info : Listening on port 3333 for gdb connections
19824 bytes written at address 0x20000000
downloaded 19824 bytes in 0.199209s (97.181 KiB/s)

target halted due to debug-request, current mode: Handler HardFault
xPSR: 0x01000003 pc: 0xfffffffe msp: 0xfffffffc
1048576 bytes written at address 0x24000000
downloaded 1048576 bytes in 10.503633s (97.490 KiB/s)

sp (/32): 0x20020000

pc (/32): 0x20003559

openocd : Open On-Chip Debugger 0.10.0 (2019-08-28) [https://github.com/sysprogs/openocd]
In riga:1 car:1
+ openocd -f "$Loc\openocd\interface_stlink.cfg" -c "init;" -c "load_im ...
+ ~~~~~~~~~~~~~~~~~~~~~~~~~~~~~~~~~~~~~~~~~~~~~~~~~~~~~~~~~~~~~~~~~~~~~
    + CategoryInfo          : NotSpecified: (Open On-Chip De...sprogs/openocd]:String) [], RemoteException
    + FullyQualifiedErrorId : NativeCommandError
 
Licensed under GNU GPL v2
For bug reports, read
	http://openocd.org/doc/doxygen/bugs.html
Info : The selected transport took over low-level target control. The results might differ compared to plain JTAG/SWD
none separate

Info : clock speed 1800 kHz
Info : STLINK V2J33M25 (API v2) VID:PID 0483:374B
Info : Target voltage: 3.241026
Info : stm32h7x.cpu: hardware has 8 breakpoints, 4 watchpoints
Info : Listening on port 3333 for gdb connections
19824 bytes written at address 0x20000000
downloaded 19824 bytes in 0.198994s (97.286 KiB/s)

target halted due to debug-request, current mode: Handler HardFault
xPSR: 0x01000003 pc: 0xfffffffe msp: 0xfffffffc
1048576 bytes written at address 0x24000000
downloaded 1048576 bytes in 10.503607s (97.490 KiB/s)

sp (/32): 0x20020000

pc (/32): 0x20003559

openocd : Open On-Chip Debugger 0.10.0 (2019-08-28) [https://github.com/sysprogs/openocd]
In riga:1 car:1
+ openocd -f "$Loc\openocd\interface_stlink.cfg" -c "init;" -c "load_im ...
+ ~~~~~~~~~~~~~~~~~~~~~~~~~~~~~~~~~~~~~~~~~~~~~~~~~~~~~~~~~~~~~~~~~~~~~
    + CategoryInfo          : NotSpecified: (Open On-Chip De...sprogs/openocd]:String) [], RemoteException
    + FullyQualifiedErrorId : NativeCommandError
 
Licensed under GNU GPL v2
For bug reports, read
	http://openocd.org/doc/doxygen/bugs.html
Info : The selected transport took over low-level target control. The results might differ compared to plain JTAG/SWD
none separate

Info : clock speed 1800 kHz
Info : STLINK V2J33M25 (API v2) VID:PID 0483:374B
Info : Target voltage: 3.242603
Info : stm32h7x.cpu: hardware has 8 breakpoints, 4 watchpoints
Info : Listening on port 3333 for gdb connections
19824 bytes written at address 0x20000000
downloaded 19824 bytes in 0.199105s (97.232 KiB/s)

target halted due to debug-request, current mode: Handler HardFault
xPSR: 0x01000003 pc: 0xfffffffe msp: 0xfffffffc
1048576 bytes written at address 0x24000000
downloaded 1048576 bytes in 10.509062s (97.440 KiB/s)

sp (/32): 0x20020000

pc (/32): 0x20003559

openocd : Open On-Chip Debugger 0.10.0 (2019-08-28) [https://github.com/sysprogs/openocd]
In riga:1 car:1
+ openocd -f "$Loc\openocd\interface_stlink.cfg" -c "init;" -c "load_im ...
+ ~~~~~~~~~~~~~~~~~~~~~~~~~~~~~~~~~~~~~~~~~~~~~~~~~~~~~~~~~~~~~~~~~~~~~
    + CategoryInfo          : NotSpecified: (Open On-Chip De...sprogs/openocd]:String) [], RemoteException
    + FullyQualifiedErrorId : NativeCommandError
 
Licensed under GNU GPL v2
For bug reports, read
	http://openocd.org/doc/doxygen/bugs.html
Info : The selected transport took over low-level target control. The results might differ compared to plain JTAG/SWD
none separate

Info : clock speed 1800 kHz
Info : STLINK V2J33M25 (API v2) VID:PID 0483:374B
Info : Target voltage: 3.236292
Info : stm32h7x.cpu: hardware has 8 breakpoints, 4 watchpoints
Info : Listening on port 3333 for gdb connections
19824 bytes written at address 0x20000000
downloaded 19824 bytes in 0.198659s (97.450 KiB/s)

target halted due to debug-request, current mode: Handler HardFault
xPSR: 0x01000003 pc: 0xfffffffe msp: 0xfffffffc
1048576 bytes written at address 0x24000000
downloaded 1048576 bytes in 10.511576s (97.416 KiB/s)

sp (/32): 0x20020000

pc (/32): 0x20003559

openocd : Open On-Chip Debugger 0.10.0 (2019-08-28) [https://github.com/sysprogs/openocd]
In riga:1 car:1
+ openocd -f "$Loc\openocd\interface_stlink.cfg" -c "init;" -c "load_im ...
+ ~~~~~~~~~~~~~~~~~~~~~~~~~~~~~~~~~~~~~~~~~~~~~~~~~~~~~~~~~~~~~~~~~~~~~
    + CategoryInfo          : NotSpecified: (Open On-Chip De...sprogs/openocd]:String) [], RemoteException
    + FullyQualifiedErrorId : NativeCommandError
 
Licensed under GNU GPL v2
For bug reports, read
	http://openocd.org/doc/doxygen/bugs.html
Info : The selected transport took over low-level target control. The results might differ compared to plain JTAG/SWD
none separate

Info : clock speed 1800 kHz
Info : STLINK V2J33M25 (API v2) VID:PID 0483:374B
Info : Target voltage: 3.242603
Info : stm32h7x.cpu: hardware has 8 breakpoints, 4 watchpoints
Info : Listening on port 3333 for gdb connections
19824 bytes written at address 0x20000000
downloaded 19824 bytes in 0.198478s (97.539 KiB/s)

target halted due to debug-request, current mode: Handler HardFault
xPSR: 0x01000003 pc: 0xfffffffe msp: 0xfffffffc
1048576 bytes written at address 0x24000000
downloaded 1048576 bytes in 10.507831s (97.451 KiB/s)

sp (/32): 0x20020000

pc (/32): 0x20003559

openocd : Open On-Chip Debugger 0.10.0 (2019-08-28) [https://github.com/sysprogs/openocd]
In riga:1 car:1
+ openocd -f "$Loc\openocd\interface_stlink.cfg" -c "init;" -c "load_im ...
+ ~~~~~~~~~~~~~~~~~~~~~~~~~~~~~~~~~~~~~~~~~~~~~~~~~~~~~~~~~~~~~~~~~~~~~
    + CategoryInfo          : NotSpecified: (Open On-Chip De...sprogs/openocd]:String) [], RemoteException
    + FullyQualifiedErrorId : NativeCommandError
 
Licensed under GNU GPL v2
For bug reports, read
	http://openocd.org/doc/doxygen/bugs.html
Info : The selected transport took over low-level target control. The results might differ compared to plain JTAG/SWD
none separate

Info : clock speed 1800 kHz
Info : STLINK V2J33M25 (API v2) VID:PID 0483:374B
Info : Target voltage: 3.239448
Info : stm32h7x.cpu: hardware has 8 breakpoints, 4 watchpoints
Info : Listening on port 3333 for gdb connections
19824 bytes written at address 0x20000000
downloaded 19824 bytes in 0.198347s (97.604 KiB/s)

target halted due to debug-request, current mode: Handler HardFault
xPSR: 0x01000003 pc: 0xfffffffe msp: 0xfffffffc
1048576 bytes written at address 0x24000000
downloaded 1048576 bytes in 10.504702s (97.480 KiB/s)

sp (/32): 0x20020000

pc (/32): 0x20003559

openocd : Open On-Chip Debugger 0.10.0 (2019-08-28) [https://github.com/sysprogs/openocd]
In riga:1 car:1
+ openocd -f "$Loc\openocd\interface_stlink.cfg" -c "init;" -c "load_im ...
+ ~~~~~~~~~~~~~~~~~~~~~~~~~~~~~~~~~~~~~~~~~~~~~~~~~~~~~~~~~~~~~~~~~~~~~
    + CategoryInfo          : NotSpecified: (Open On-Chip De...sprogs/openocd]:String) [], RemoteException
    + FullyQualifiedErrorId : NativeCommandError
 
Licensed under GNU GPL v2
For bug reports, read
	http://openocd.org/doc/doxygen/bugs.html
Info : The selected transport took over low-level target control. The results might differ compared to plain JTAG/SWD
none separate

Info : clock speed 1800 kHz
Info : STLINK V2J33M25 (API v2) VID:PID 0483:374B
Info : Target voltage: 3.239448
Info : stm32h7x.cpu: hardware has 8 breakpoints, 4 watchpoints
Info : Listening on port 3333 for gdb connections
19824 bytes written at address 0x20000000
downloaded 19824 bytes in 0.198596s (97.481 KiB/s)

target halted due to debug-request, current mode: Handler HardFault
xPSR: 0x01000003 pc: 0xfffffffe msp: 0xfffffffc
1048576 bytes written at address 0x24000000
downloaded 1048576 bytes in 10.503112s (97.495 KiB/s)

sp (/32): 0x20020000

pc (/32): 0x20003559

openocd : Open On-Chip Debugger 0.10.0 (2019-08-28) [https://github.com/sysprogs/openocd]
In riga:1 car:1
+ openocd -f "$Loc\openocd\interface_stlink.cfg" -c "init;" -c "load_im ...
+ ~~~~~~~~~~~~~~~~~~~~~~~~~~~~~~~~~~~~~~~~~~~~~~~~~~~~~~~~~~~~~~~~~~~~~
    + CategoryInfo          : NotSpecified: (Open On-Chip De...sprogs/openocd]:String) [], RemoteException
    + FullyQualifiedErrorId : NativeCommandError
 
Licensed under GNU GPL v2
For bug reports, read
	http://openocd.org/doc/doxygen/bugs.html
Info : The selected transport took over low-level target control. The results might differ compared to plain JTAG/SWD
none separate

Info : clock speed 1800 kHz
Info : STLINK V2J33M25 (API v2) VID:PID 0483:374B
Info : Target voltage: 3.234714
Info : stm32h7x.cpu: hardware has 8 breakpoints, 4 watchpoints
Info : Listening on port 3333 for gdb connections
19824 bytes written at address 0x20000000
downloaded 19824 bytes in 0.197706s (97.920 KiB/s)

target halted due to debug-request, current mode: Handler HardFault
xPSR: 0x01000003 pc: 0xfffffffe msp: 0xfffffffc
1048576 bytes written at address 0x24000000
downloaded 1048576 bytes in 10.503373s (97.492 KiB/s)

sp (/32): 0x20020000

pc (/32): 0x20003559

openocd : Open On-Chip Debugger 0.10.0 (2019-08-28) [https://github.com/sysprogs/openocd]
In riga:1 car:1
+ openocd -f "$Loc\openocd\interface_stlink.cfg" -c "init;" -c "load_im ...
+ ~~~~~~~~~~~~~~~~~~~~~~~~~~~~~~~~~~~~~~~~~~~~~~~~~~~~~~~~~~~~~~~~~~~~~
    + CategoryInfo          : NotSpecified: (Open On-Chip De...sprogs/openocd]:String) [], RemoteException
    + FullyQualifiedErrorId : NativeCommandError
 
Licensed under GNU GPL v2
For bug reports, read
	http://openocd.org/doc/doxygen/bugs.html
Info : The selected transport took over low-level target control. The results might differ compared to plain JTAG/SWD
none separate

Info : clock speed 1800 kHz
Info : STLINK V2J33M25 (API v2) VID:PID 0483:374B
Info : Target voltage: 3.242603
Info : stm32h7x.cpu: hardware has 8 breakpoints, 4 watchpoints
Info : Listening on port 3333 for gdb connections
19824 bytes written at address 0x20000000
downloaded 19824 bytes in 0.199304s (97.135 KiB/s)

target halted due to debug-request, current mode: Handler HardFault
xPSR: 0x01000003 pc: 0xfffffffe msp: 0xfffffffc
1048576 bytes written at address 0x24000000
downloaded 1048576 bytes in 10.505622s (97.472 KiB/s)

sp (/32): 0x20020000

pc (/32): 0x20003559

openocd : Open On-Chip Debugger 0.10.0 (2019-08-28) [https://github.com/sysprogs/openocd]
In riga:1 car:1
+ openocd -f "$Loc\openocd\interface_stlink.cfg" -c "init;" -c "load_im ...
+ ~~~~~~~~~~~~~~~~~~~~~~~~~~~~~~~~~~~~~~~~~~~~~~~~~~~~~~~~~~~~~~~~~~~~~
    + CategoryInfo          : NotSpecified: (Open On-Chip De...sprogs/openocd]:String) [], RemoteException
    + FullyQualifiedErrorId : NativeCommandError
 
Licensed under GNU GPL v2
For bug reports, read
	http://openocd.org/doc/doxygen/bugs.html
Info : The selected transport took over low-level target control. The results might differ compared to plain JTAG/SWD
none separate

Info : clock speed 1800 kHz
Info : STLINK V2J33M25 (API v2) VID:PID 0483:374B
Info : Target voltage: 3.242603
Info : stm32h7x.cpu: hardware has 8 breakpoints, 4 watchpoints
Info : Listening on port 3333 for gdb connections
19824 bytes written at address 0x20000000
downloaded 19824 bytes in 0.198210s (97.671 KiB/s)

target halted due to debug-request, current mode: Handler HardFault
xPSR: 0x01000003 pc: 0xfffffffe msp: 0xfffffffc
1048576 bytes written at address 0x24000000
downloaded 1048576 bytes in 10.505500s (97.473 KiB/s)

sp (/32): 0x20020000

pc (/32): 0x20003559

openocd : Open On-Chip Debugger 0.10.0 (2019-08-28) [https://github.com/sysprogs/openocd]
In riga:1 car:1
+ openocd -f "$Loc\openocd\interface_stlink.cfg" -c "init;" -c "load_im ...
+ ~~~~~~~~~~~~~~~~~~~~~~~~~~~~~~~~~~~~~~~~~~~~~~~~~~~~~~~~~~~~~~~~~~~~~
    + CategoryInfo          : NotSpecified: (Open On-Chip De...sprogs/openocd]:String) [], RemoteException
    + FullyQualifiedErrorId : NativeCommandError
 
Licensed under GNU GPL v2
For bug reports, read
	http://openocd.org/doc/doxygen/bugs.html
Info : The selected transport took over low-level target control. The results might differ compared to plain JTAG/SWD
none separate

Info : clock speed 1800 kHz
Info : STLINK V2J33M25 (API v2) VID:PID 0483:374B
Info : Target voltage: 3.239448
Info : stm32h7x.cpu: hardware has 8 breakpoints, 4 watchpoints
Info : Listening on port 3333 for gdb connections
19824 bytes written at address 0x20000000
downloaded 19824 bytes in 0.198866s (97.349 KiB/s)

target halted due to debug-request, current mode: Handler HardFault
xPSR: 0x01000003 pc: 0xfffffffe msp: 0xfffffffc
1048576 bytes written at address 0x24000000
downloaded 1048576 bytes in 10.511987s (97.413 KiB/s)

sp (/32): 0x20020000

pc (/32): 0x20003559

openocd : Open On-Chip Debugger 0.10.0 (2019-08-28) [https://github.com/sysprogs/openocd]
In riga:1 car:1
+ openocd -f C:\Users\lou\Desktop\Proj\NintendoGameNWatch\game-and-watc ...
+ ~~~~~~~~~~~~~~~~~~~~~~~~~~~~~~~~~~~~~~~~~~~~~~~~~~~~~~~~~~~~~~~~~~~~~
    + CategoryInfo          : NotSpecified: (Open On-Chip De...sprogs/openocd]:String) [], RemoteException
    + FullyQualifiedErrorId : NativeCommandError
 
Licensed under GNU GPL v2
For bug reports, read
	http://openocd.org/doc/doxygen/bugs.html
embedded:startup.tcl:26: Error: Can't find C:\Users\lou\Desktop\Proj\NintendoGameNWatch\game-and-watch-backup-main\openocd\interface_slink.cfg
in procedure 'script' 
at file "embedded:startup.tcl", line 26
openocd : Open On-Chip Debugger 0.10.0 (2019-08-28) [https://github.com/sysprogs/openocd]
In riga:1 car:1
+ openocd -f C:\Users\lou\Desktop\Proj\NintendoGameNWatch\game-and-watc ...
+ ~~~~~~~~~~~~~~~~~~~~~~~~~~~~~~~~~~~~~~~~~~~~~~~~~~~~~~~~~~~~~~~~~~~~~
    + CategoryInfo          : NotSpecified: (Open On-Chip De...sprogs/openocd]:String) [], RemoteException
    + FullyQualifiedErrorId : NativeCommandError
 
Licensed under GNU GPL v2
For bug reports, read
	http://openocd.org/doc/doxygen/bugs.html
Info : The selected transport took over low-level target control. The results might differ compared to plain JTAG/SWD
none separate

Info : clock speed 1800 kHz
Info : STLINK V2J33M25 (API v2) VID:PID 0483:374B
Info : Target voltage: 3.242603
Info : stm32h7x.cpu: hardware has 8 breakpoints, 4 watchpoints
Info : Listening on port 3333 for gdb connections
19824 bytes written at address 0x20000000
downloaded 19824 bytes in 0.198713s (97.424 KiB/s)

target halted due to debug-request, current mode: Handler HardFault
xPSR: 0x01000003 pc: 0xfffffffe msp: 0xfffffffc
1048576 bytes written at address 0x24000000
downloaded 1048576 bytes in 10.529308s (97.252 KiB/s)

sp (/32): 0x20020000

pc (/32): 0x20003559

openocd : Open On-Chip Debugger 0.10.0 (2019-08-28) [https://github.com/sysprogs/openocd]
In riga:1 car:1
+ openocd -f C:\Users\lou\Desktop\Proj\NintendoGameNWatch\game-and-watc ...
+ ~~~~~~~~~~~~~~~~~~~~~~~~~~~~~~~~~~~~~~~~~~~~~~~~~~~~~~~~~~~~~~~~~~~~~
    + CategoryInfo          : NotSpecified: (Open On-Chip De...sprogs/openocd]:String) [], RemoteException
    + FullyQualifiedErrorId : NativeCommandError
 
Licensed under GNU GPL v2
For bug reports, read
	http://openocd.org/doc/doxygen/bugs.html
Info : The selected transport took over low-level target control. The results might differ compared to plain JTAG/SWD
none separate

Info : clock speed 1800 kHz
Info : STLINK V2J33M25 (API v2) VID:PID 0483:374B
Info : Target voltage: 3.242603
Info : stm32h7x.cpu: hardware has 8 breakpoints, 4 watchpoints
Info : Listening on port 3333 for gdb connections
19824 bytes written at address 0x20000000
downloaded 19824 bytes in 0.199352s (97.112 KiB/s)

target halted due to debug-request, current mode: Handler HardFault
xPSR: 0x01000003 pc: 0xfffffffe msp: 0xfffffffc
1048576 bytes written at address 0x24000000
downloaded 1048576 bytes in 10.507449s (97.455 KiB/s)

sp (/32): 0x20020000

pc (/32): 0x20003559

openocd : Open On-Chip Debugger 0.10.0 (2019-08-28) [https://github.com/sysprogs/openocd]
In riga:1 car:1
+ openocd -f C:\Users\lou\Desktop\Proj\NintendoGameNWatch\game-and-watc ...
+ ~~~~~~~~~~~~~~~~~~~~~~~~~~~~~~~~~~~~~~~~~~~~~~~~~~~~~~~~~~~~~~~~~~~~~
    + CategoryInfo          : NotSpecified: (Open On-Chip De...sprogs/openocd]:String) [], RemoteException
    + FullyQualifiedErrorId : NativeCommandError
 
Licensed under GNU GPL v2
For bug reports, read
	http://openocd.org/doc/doxygen/bugs.html
Info : The selected transport took over low-level target control. The results might differ compared to plain JTAG/SWD
none separate

Info : clock speed 1800 kHz
Info : STLINK V2J33M25 (API v2) VID:PID 0483:374B
Info : Target voltage: 3.242603
Info : stm32h7x.cpu: hardware has 8 breakpoints, 4 watchpoints
Info : Listening on port 3333 for gdb connections
19824 bytes written at address 0x20000000
downloaded 19824 bytes in 0.199601s (96.990 KiB/s)

target halted due to debug-request, current mode: Handler HardFault
xPSR: 0x01000003 pc: 0xfffffffe msp: 0xfffffffc
1048576 bytes written at address 0x24000000
downloaded 1048576 bytes in 10.506937s (97.459 KiB/s)

sp (/32): 0x20020000

pc (/32): 0x20003559

openocd : Open On-Chip Debugger 0.10.0 (2019-08-28) [https://github.com/sysprogs/openocd]
In riga:1 car:1
+ openocd -f C:\Users\lou\Desktop\Proj\NintendoGameNWatch\game-and-watc ...
+ ~~~~~~~~~~~~~~~~~~~~~~~~~~~~~~~~~~~~~~~~~~~~~~~~~~~~~~~~~~~~~~~~~~~~~
    + CategoryInfo          : NotSpecified: (Open On-Chip De...sprogs/openocd]:String) [], RemoteException
    + FullyQualifiedErrorId : NativeCommandError
 
Licensed under GNU GPL v2
For bug reports, read
	http://openocd.org/doc/doxygen/bugs.html
Info : The selected transport took over low-level target control. The results might differ compared to plain JTAG/SWD
none separate

Info : clock speed 1800 kHz
Info : STLINK V2J33M25 (API v2) VID:PID 0483:374B
Info : Target voltage: 3.242603
Info : stm32h7x.cpu: hardware has 8 breakpoints, 4 watchpoints
Info : Listening on port 3333 for gdb connections
19824 bytes written at address 0x20000000
downloaded 19824 bytes in 0.199089s (97.240 KiB/s)

target halted due to debug-request, current mode: Handler HardFault
xPSR: 0x01000003 pc: 0xfffffffe msp: 0xfffffffc
1048576 bytes written at address 0x24000000
downloaded 1048576 bytes in 10.505684s (97.471 KiB/s)

sp (/32): 0x20020000

pc (/32): 0x20003559

openocd : Open On-Chip Debugger 0.10.0 (2019-08-28) [https://github.com/sysprogs/openocd]
In riga:1 car:1
+ openocd -f C:\Users\lou\Desktop\Proj\NintendoGameNWatch\game-and-watc ...
+ ~~~~~~~~~~~~~~~~~~~~~~~~~~~~~~~~~~~~~~~~~~~~~~~~~~~~~~~~~~~~~~~~~~~~~
    + CategoryInfo          : NotSpecified: (Open On-Chip De...sprogs/openocd]:String) [], RemoteException
    + FullyQualifiedErrorId : NativeCommandError
 
Licensed under GNU GPL v2
For bug reports, read
	http://openocd.org/doc/doxygen/bugs.html
Info : The selected transport took over low-level target control. The results might differ compared to plain JTAG/SWD
none separate

Info : clock speed 1800 kHz
Info : STLINK V2J33M25 (API v2) VID:PID 0483:374B
Info : Target voltage: 3.242603
Info : stm32h7x.cpu: hardware has 8 breakpoints, 4 watchpoints
Info : Listening on port 3333 for gdb connections
19824 bytes written at address 0x20000000
downloaded 19824 bytes in 0.199782s (96.902 KiB/s)

target halted due to debug-request, current mode: Handler HardFault
xPSR: 0x01000003 pc: 0xfffffffe msp: 0xfffffffc
1048576 bytes written at address 0x24000000
downloaded 1048576 bytes in 10.508287s (97.447 KiB/s)

sp (/32): 0x20020000

pc (/32): 0x20003559

openocd : Open On-Chip Debugger 0.10.0 (2019-08-28) [https://github.com/sysprogs/openocd]
In riga:1 car:1
+ openocd -f C:\Users\lou\Desktop\Proj\NintendoGameNWatch\game-and-watc ...
+ ~~~~~~~~~~~~~~~~~~~~~~~~~~~~~~~~~~~~~~~~~~~~~~~~~~~~~~~~~~~~~~~~~~~~~
    + CategoryInfo          : NotSpecified: (Open On-Chip De...sprogs/openocd]:String) [], RemoteException
    + FullyQualifiedErrorId : NativeCommandError
 
Licensed under GNU GPL v2
For bug reports, read
	http://openocd.org/doc/doxygen/bugs.html
Info : The selected transport took over low-level target control. The results might differ compared to plain JTAG/SWD
none separate

Info : clock speed 1800 kHz
Info : STLINK V2J33M25 (API v2) VID:PID 0483:374B
Info : Target voltage: 3.236292
Error: init mode failed (unable to connect to the target)


openocd : Open On-Chip Debugger 0.10.0 (2019-08-28) [https://github.com/sysprogs/openocd]
In riga:1 car:1
+ openocd -f C:\Users\lou\Desktop\Proj\NintendoGameNWatch\game-and-watc ...
+ ~~~~~~~~~~~~~~~~~~~~~~~~~~~~~~~~~~~~~~~~~~~~~~~~~~~~~~~~~~~~~~~~~~~~~
    + CategoryInfo          : NotSpecified: (Open On-Chip De...sprogs/openocd]:String) [], RemoteException
    + FullyQualifiedErrorId : NativeCommandError
 
Licensed under GNU GPL v2
For bug reports, read
	http://openocd.org/doc/doxygen/bugs.html
Info : The selected transport took over low-level target control. The results might differ compared to plain JTAG/SWD
none separate

Info : clock speed 1800 kHz
Info : STLINK V2J33M25 (API v2) VID:PID 0483:374B
Info : Target voltage: 3.239448
Error: init mode failed (unable to connect to the target)


openocd : Open On-Chip Debugger 0.10.0 (2019-08-28) [https://github.com/sysprogs/openocd]
In riga:1 car:1
+ openocd -f C:\Users\lou\Desktop\Proj\NintendoGameNWatch\game-and-watc ...
+ ~~~~~~~~~~~~~~~~~~~~~~~~~~~~~~~~~~~~~~~~~~~~~~~~~~~~~~~~~~~~~~~~~~~~~
    + CategoryInfo          : NotSpecified: (Open On-Chip De...sprogs/openocd]:String) [], RemoteException
    + FullyQualifiedErrorId : NativeCommandError
 
Licensed under GNU GPL v2
For bug reports, read
	http://openocd.org/doc/doxygen/bugs.html
Info : The selected transport took over low-level target control. The results might differ compared to plain JTAG/SWD
none separate

Info : clock speed 1800 kHz
Info : STLINK V2J33M25 (API v2) VID:PID 0483:374B
Info : Target voltage: 3.242603
Error: init mode failed (unable to connect to the target)


openocd : Open On-Chip Debugger 0.10.0 (2019-08-28) [https://github.com/sysprogs/openocd]
In riga:1 car:1
+ openocd -f C:\Users\lou\Desktop\Proj\NintendoGameNWatch\game-and-watc ...
+ ~~~~~~~~~~~~~~~~~~~~~~~~~~~~~~~~~~~~~~~~~~~~~~~~~~~~~~~~~~~~~~~~~~~~~
    + CategoryInfo          : NotSpecified: (Open On-Chip De...sprogs/openocd]:String) [], RemoteException
    + FullyQualifiedErrorId : NativeCommandError
 
Licensed under GNU GPL v2
For bug reports, read
	http://openocd.org/doc/doxygen/bugs.html
Info : The selected transport took over low-level target control. The results might differ compared to plain JTAG/SWD
none separate

Info : clock speed 1800 kHz
Info : STLINK V2J33M25 (API v2) VID:PID 0483:374B
Info : Target voltage: 3.242603
Info : stm32h7x.cpu: hardware has 8 breakpoints, 4 watchpoints
Info : Listening on port 3333 for gdb connections
19824 bytes written at address 0x20000000
downloaded 19824 bytes in 0.197962s (97.793 KiB/s)

target halted due to debug-request, current mode: Handler HardFault
xPSR: 0x01000003 pc: 0xfffffffe msp: 0xfffffffc
1048576 bytes written at address 0x24000000
downloaded 1048576 bytes in 10.507378s (97.455 KiB/s)

sp (/32): 0x20020000

pc (/32): 0x20003559

openocd : Open On-Chip Debugger 0.10.0 (2019-08-28) [https://github.com/sysprogs/openocd]
In riga:1 car:1
+ openocd -f C:\Users\lou\Desktop\Proj\NintendoGameNWatch\game-and-watc ...
+ ~~~~~~~~~~~~~~~~~~~~~~~~~~~~~~~~~~~~~~~~~~~~~~~~~~~~~~~~~~~~~~~~~~~~~
    + CategoryInfo          : NotSpecified: (Open On-Chip De...sprogs/openocd]:String) [], RemoteException
    + FullyQualifiedErrorId : NativeCommandError
 
Licensed under GNU GPL v2
For bug reports, read
	http://openocd.org/doc/doxygen/bugs.html
Info : The selected transport took over low-level target control. The results might differ compared to plain JTAG/SWD
none separate

Info : clock speed 1800 kHz
Info : STLINK V2J33M25 (API v2) VID:PID 0483:374B
Info : Target voltage: 3.233136
Error: init mode failed (unable to connect to the target)


openocd : Open On-Chip Debugger 0.10.0 (2019-08-28) [https://github.com/sysprogs/openocd]
In riga:1 car:1
+ openocd -f C:\Users\lou\Desktop\Proj\NintendoGameNWatch\game-and-watc ...
+ ~~~~~~~~~~~~~~~~~~~~~~~~~~~~~~~~~~~~~~~~~~~~~~~~~~~~~~~~~~~~~~~~~~~~~
    + CategoryInfo          : NotSpecified: (Open On-Chip De...sprogs/openocd]:String) [], RemoteException
    + FullyQualifiedErrorId : NativeCommandError
 
Licensed under GNU GPL v2
For bug reports, read
	http://openocd.org/doc/doxygen/bugs.html
Info : The selected transport took over low-level target control. The results might differ compared to plain JTAG/SWD
none separate

Info : clock speed 1800 kHz
Info : STLINK V2J33M25 (API v2) VID:PID 0483:374B
Info : Target voltage: 3.242603
Info : stm32h7x.cpu: hardware has 8 breakpoints, 4 watchpoints
Info : Listening on port 3333 for gdb connections
19824 bytes written at address 0x20000000
downloaded 19824 bytes in 0.198267s (97.643 KiB/s)

target halted due to debug-request, current mode: Handler HardFault
xPSR: 0x01000003 pc: 0xfffffffe msp: 0xfffffffc
1048576 bytes written at address 0x24000000
downloaded 1048576 bytes in 10.509339s (97.437 KiB/s)

sp (/32): 0x20020000

pc (/32): 0x20003559

openocd : Open On-Chip Debugger 0.10.0 (2019-08-28) [https://github.com/sysprogs/openocd]
In riga:1 car:1
+ openocd -f C:\Users\lou\Desktop\Proj\NintendoGameNWatch\game-and-watc ...
+ ~~~~~~~~~~~~~~~~~~~~~~~~~~~~~~~~~~~~~~~~~~~~~~~~~~~~~~~~~~~~~~~~~~~~~
    + CategoryInfo          : NotSpecified: (Open On-Chip De...sprogs/openocd]:String) [], RemoteException
    + FullyQualifiedErrorId : NativeCommandError
 
Licensed under GNU GPL v2
For bug reports, read
	http://openocd.org/doc/doxygen/bugs.html
Info : The selected transport took over low-level target control. The results might differ compared to plain JTAG/SWD
none separate

Info : clock speed 1800 kHz
Info : STLINK V2J33M25 (API v2) VID:PID 0483:374B
Info : Target voltage: 3.236292
Info : stm32h7x.cpu: hardware has 8 breakpoints, 4 watchpoints
Info : Listening on port 3333 for gdb connections
19824 bytes written at address 0x20000000
downloaded 19824 bytes in 0.198989s (97.289 KiB/s)

target halted due to debug-request, current mode: Handler HardFault
xPSR: 0x01000003 pc: 0xfffffffe msp: 0xfffffffc
1048576 bytes written at address 0x24000000
downloaded 1048576 bytes in 10.503448s (97.492 KiB/s)

sp (/32): 0x20020000

pc (/32): 0x20003559

openocd : Open On-Chip Debugger 0.10.0 (2019-08-28) [https://github.com/sysprogs/openocd]
In riga:1 car:1
+ openocd -f C:\Users\lou\Desktop\Proj\NintendoGameNWatch\game-and-watc ...
+ ~~~~~~~~~~~~~~~~~~~~~~~~~~~~~~~~~~~~~~~~~~~~~~~~~~~~~~~~~~~~~~~~~~~~~
    + CategoryInfo          : NotSpecified: (Open On-Chip De...sprogs/openocd]:String) [], RemoteException
    + FullyQualifiedErrorId : NativeCommandError
 
Licensed under GNU GPL v2
For bug reports, read
	http://openocd.org/doc/doxygen/bugs.html
Info : The selected transport took over low-level target control. The results might differ compared to plain JTAG/SWD
none separate

Info : clock speed 1800 kHz
Info : STLINK V2J33M25 (API v2) VID:PID 0483:374B
Info : Target voltage: 3.242603
Error: init mode failed (unable to connect to the target)


openocd : Open On-Chip Debugger 0.10.0 (2019-08-28) [https://github.com/sysprogs/openocd]
In riga:1 car:1
+ openocd -f C:\Users\lou\Desktop\Proj\NintendoGameNWatch\game-and-watc ...
+ ~~~~~~~~~~~~~~~~~~~~~~~~~~~~~~~~~~~~~~~~~~~~~~~~~~~~~~~~~~~~~~~~~~~~~
    + CategoryInfo          : NotSpecified: (Open On-Chip De...sprogs/openocd]:String) [], RemoteException
    + FullyQualifiedErrorId : NativeCommandError
 
Licensed under GNU GPL v2
For bug reports, read
	http://openocd.org/doc/doxygen/bugs.html
Info : The selected transport took over low-level target control. The results might differ compared to plain JTAG/SWD
none separate

Info : clock speed 1800 kHz
Info : STLINK V2J33M25 (API v2) VID:PID 0483:374B
Info : Target voltage: 3.242603
Info : stm32h7x.cpu: hardware has 8 breakpoints, 4 watchpoints
Info : Listening on port 3333 for gdb connections
19824 bytes written at address 0x20000000
downloaded 19824 bytes in 0.197662s (97.942 KiB/s)

target halted due to debug-request, current mode: Handler HardFault
xPSR: 0x01000003 pc: 0xfffffffe msp: 0xfffffffc
1048576 bytes written at address 0x24000000
downloaded 1048576 bytes in 10.504114s (97.486 KiB/s)

sp (/32): 0x20020000

pc (/32): 0x20003559

openocd : Open On-Chip Debugger 0.10.0 (2019-08-28) [https://github.com/sysprogs/openocd]
In riga:1 car:1
+ openocd -f C:\Users\lou\Desktop\Proj\NintendoGameNWatch\game-and-watc ...
+ ~~~~~~~~~~~~~~~~~~~~~~~~~~~~~~~~~~~~~~~~~~~~~~~~~~~~~~~~~~~~~~~~~~~~~
    + CategoryInfo          : NotSpecified: (Open On-Chip De...sprogs/openocd]:String) [], RemoteException
    + FullyQualifiedErrorId : NativeCommandError
 
Licensed under GNU GPL v2
For bug reports, read
	http://openocd.org/doc/doxygen/bugs.html
Info : The selected transport took over low-level target control. The results might differ compared to plain JTAG/SWD
none separate

Info : clock speed 1800 kHz
Info : STLINK V2J33M25 (API v2) VID:PID 0483:374B
Info : Target voltage: 3.242603
Info : stm32h7x.cpu: hardware has 8 breakpoints, 4 watchpoints
Info : Listening on port 3333 for gdb connections
19824 bytes written at address 0x20000000
downloaded 19824 bytes in 0.198042s (97.754 KiB/s)

target halted due to debug-request, current mode: Handler HardFault
xPSR: 0x01000003 pc: 0xfffffffe msp: 0xfffffffc
1048576 bytes written at address 0x24000000
downloaded 1048576 bytes in 10.512118s (97.411 KiB/s)

sp (/32): 0x20020000

pc (/32): 0x20003559

openocd : Open On-Chip Debugger 0.10.0 (2019-08-28) [https://github.com/sysprogs/openocd]
In riga:1 car:1
+ openocd -f C:\Users\lou\Desktop\Proj\NintendoGameNWatch\game-and-watc ...
+ ~~~~~~~~~~~~~~~~~~~~~~~~~~~~~~~~~~~~~~~~~~~~~~~~~~~~~~~~~~~~~~~~~~~~~
    + CategoryInfo          : NotSpecified: (Open On-Chip De...sprogs/openocd]:String) [], RemoteException
    + FullyQualifiedErrorId : NativeCommandError
 
Licensed under GNU GPL v2
For bug reports, read
	http://openocd.org/doc/doxygen/bugs.html
Info : The selected transport took over low-level target control. The results might differ compared to plain JTAG/SWD
none separate

Info : clock speed 1800 kHz
Info : STLINK V2J33M25 (API v2) VID:PID 0483:374B
Info : Target voltage: 3.241026
Info : stm32h7x.cpu: hardware has 8 breakpoints, 4 watchpoints
Info : Listening on port 3333 for gdb connections
19824 bytes written at address 0x20000000
downloaded 19824 bytes in 0.198282s (97.636 KiB/s)

target halted due to debug-request, current mode: Handler HardFault
xPSR: 0x01000003 pc: 0xfffffffe msp: 0xfffffffc
1048576 bytes written at address 0x24000000
downloaded 1048576 bytes in 10.513684s (97.397 KiB/s)

sp (/32): 0x20020000

pc (/32): 0x20003559

openocd : Open On-Chip Debugger 0.10.0 (2019-08-28) [https://github.com/sysprogs/openocd]
In riga:1 car:1
+ openocd -f C:\Users\lou\Desktop\Proj\NintendoGameNWatch\game-and-watc ...
+ ~~~~~~~~~~~~~~~~~~~~~~~~~~~~~~~~~~~~~~~~~~~~~~~~~~~~~~~~~~~~~~~~~~~~~
    + CategoryInfo          : NotSpecified: (Open On-Chip De...sprogs/openocd]:String) [], RemoteException
    + FullyQualifiedErrorId : NativeCommandError
 
Licensed under GNU GPL v2
For bug reports, read
	http://openocd.org/doc/doxygen/bugs.html
Info : The selected transport took over low-level target control. The results might differ compared to plain JTAG/SWD
none separate

Info : clock speed 1800 kHz
Info : STLINK V2J33M25 (API v2) VID:PID 0483:374B
Info : Target voltage: 3.236292
Info : stm32h7x.cpu: hardware has 8 breakpoints, 4 watchpoints
Info : Listening on port 3333 for gdb connections
19824 bytes written at address 0x20000000
downloaded 19824 bytes in 0.199012s (97.277 KiB/s)

target halted due to debug-request, current mode: Handler HardFault
xPSR: 0x01000003 pc: 0xfffffffe msp: 0xfffffffc
1048576 bytes written at address 0x24000000
downloaded 1048576 bytes in 10.516334s (97.372 KiB/s)

sp (/32): 0x20020000

pc (/32): 0x20003559

openocd : Open On-Chip Debugger 0.10.0 (2019-08-28) [https://github.com/sysprogs/openocd]
In riga:1 car:1
+ openocd -f C:\Users\lou\Desktop\Proj\NintendoGameNWatch\game-and-watc ...
+ ~~~~~~~~~~~~~~~~~~~~~~~~~~~~~~~~~~~~~~~~~~~~~~~~~~~~~~~~~~~~~~~~~~~~~
    + CategoryInfo          : NotSpecified: (Open On-Chip De...sprogs/openocd]:String) [], RemoteException
    + FullyQualifiedErrorId : NativeCommandError
 
Licensed under GNU GPL v2
For bug reports, read
	http://openocd.org/doc/doxygen/bugs.html
Info : The selected transport took over low-level target control. The results might differ compared to plain JTAG/SWD
none separate

Info : clock speed 1800 kHz
Info : STLINK V2J33M25 (API v2) VID:PID 0483:374B
Info : Target voltage: 3.236292
Info : stm32h7x.cpu: hardware has 8 breakpoints, 4 watchpoints
Info : Listening on port 3333 for gdb connections
19824 bytes written at address 0x20000000
downloaded 19824 bytes in 0.198427s (97.564 KiB/s)

target halted due to debug-request, current mode: Handler HardFault
xPSR: 0x01000003 pc: 0xfffffffe msp: 0xfffffffc
1048576 bytes written at address 0x24000000
downloaded 1048576 bytes in 10.518049s (97.356 KiB/s)

sp (/32): 0x20020000

pc (/32): 0x20003559

openocd : Open On-Chip Debugger 0.10.0 (2019-08-28) [https://github.com/sysprogs/openocd]
In riga:1 car:1
+ openocd -f C:\Users\lou\Desktop\Proj\NintendoGameNWatch\game-and-watc ...
+ ~~~~~~~~~~~~~~~~~~~~~~~~~~~~~~~~~~~~~~~~~~~~~~~~~~~~~~~~~~~~~~~~~~~~~
    + CategoryInfo          : NotSpecified: (Open On-Chip De...sprogs/openocd]:String) [], RemoteException
    + FullyQualifiedErrorId : NativeCommandError
 
Licensed under GNU GPL v2
For bug reports, read
	http://openocd.org/doc/doxygen/bugs.html
Info : The selected transport took over low-level target control. The results might differ compared to plain JTAG/SWD
none separate

Info : clock speed 1800 kHz
Info : STLINK V2J33M25 (API v2) VID:PID 0483:374B
Info : Target voltage: 3.239448
Info : stm32h7x.cpu: hardware has 8 breakpoints, 4 watchpoints
Info : Listening on port 3333 for gdb connections
19824 bytes written at address 0x20000000
downloaded 19824 bytes in 0.198921s (97.322 KiB/s)

target halted due to debug-request, current mode: Handler HardFault
xPSR: 0x01000003 pc: 0xfffffffe msp: 0xfffffffc
1048576 bytes written at address 0x24000000
downloaded 1048576 bytes in 10.527835s (97.266 KiB/s)

sp (/32): 0x20020000

pc (/32): 0x20003559

openocd : Open On-Chip Debugger 0.10.0 (2019-08-28) [https://github.com/sysprogs/openocd]
In riga:1 car:1
+ openocd -f C:\Users\lou\Desktop\Proj\NintendoGameNWatch\game-and-watc ...
+ ~~~~~~~~~~~~~~~~~~~~~~~~~~~~~~~~~~~~~~~~~~~~~~~~~~~~~~~~~~~~~~~~~~~~~
    + CategoryInfo          : NotSpecified: (Open On-Chip De...sprogs/openocd]:String) [], RemoteException
    + FullyQualifiedErrorId : NativeCommandError
 
Licensed under GNU GPL v2
For bug reports, read
	http://openocd.org/doc/doxygen/bugs.html
Info : The selected transport took over low-level target control. The results might differ compared to plain JTAG/SWD
none separate

Info : clock speed 1800 kHz
Info : STLINK V2J33M25 (API v2) VID:PID 0483:374B
Info : Target voltage: 3.241026
Error: init mode failed (unable to connect to the target)


openocd : Open On-Chip Debugger 0.10.0 (2019-08-28) [https://github.com/sysprogs/openocd]
In riga:1 car:1
+ openocd -f C:\Users\lou\Desktop\Proj\NintendoGameNWatch\game-and-watc ...
+ ~~~~~~~~~~~~~~~~~~~~~~~~~~~~~~~~~~~~~~~~~~~~~~~~~~~~~~~~~~~~~~~~~~~~~
    + CategoryInfo          : NotSpecified: (Open On-Chip De...sprogs/openocd]:String) [], RemoteException
    + FullyQualifiedErrorId : NativeCommandError
 
Licensed under GNU GPL v2
For bug reports, read
	http://openocd.org/doc/doxygen/bugs.html
Info : The selected transport took over low-level target control. The results might differ compared to plain JTAG/SWD
none separate

Info : clock speed 1800 kHz
Info : STLINK V2J33M25 (API v2) VID:PID 0483:374B
Info : Target voltage: 3.242603
Info : stm32h7x.cpu: hardware has 8 breakpoints, 4 watchpoints
Info : Listening on port 3333 for gdb connections
19824 bytes written at address 0x20000000
downloaded 19824 bytes in 0.198155s (97.698 KiB/s)

target halted due to debug-request, current mode: Handler HardFault
xPSR: 0x01000003 pc: 0xfffffffe msp: 0xfffffffc
1048576 bytes written at address 0x24000000
downloaded 1048576 bytes in 10.505709s (97.471 KiB/s)

sp (/32): 0x20020000

pc (/32): 0x20003559

openocd : Open On-Chip Debugger 0.10.0 (2019-08-28) [https://github.com/sysprogs/openocd]
In riga:1 car:1
+ openocd -f C:\Users\lou\Desktop\Proj\NintendoGameNWatch\game-and-watc ...
+ ~~~~~~~~~~~~~~~~~~~~~~~~~~~~~~~~~~~~~~~~~~~~~~~~~~~~~~~~~~~~~~~~~~~~~
    + CategoryInfo          : NotSpecified: (Open On-Chip De...sprogs/openocd]:String) [], RemoteException
    + FullyQualifiedErrorId : NativeCommandError
 
Licensed under GNU GPL v2
For bug reports, read
	http://openocd.org/doc/doxygen/bugs.html
Info : The selected transport took over low-level target control. The results might differ compared to plain JTAG/SWD
none separate

Info : clock speed 1800 kHz
Info : STLINK V2J33M25 (API v2) VID:PID 0483:374B
Info : Target voltage: 3.242603
Info : stm32h7x.cpu: hardware has 8 breakpoints, 4 watchpoints
Info : Listening on port 3333 for gdb connections
19824 bytes written at address 0x20000000
downloaded 19824 bytes in 0.198051s (97.749 KiB/s)

target halted due to debug-request, current mode: Handler HardFault
xPSR: 0x01000003 pc: 0xfffffffe msp: 0xfffffffc
1048576 bytes written at address 0x24000000
downloaded 1048576 bytes in 10.507281s (97.456 KiB/s)

sp (/32): 0x20020000

pc (/32): 0x20003559

openocd : Open On-Chip Debugger 0.10.0 (2019-08-28) [https://github.com/sysprogs/openocd]
In riga:1 car:1
+ openocd -f C:\Users\lou\Desktop\Proj\NintendoGameNWatch\game-and-watc ...
+ ~~~~~~~~~~~~~~~~~~~~~~~~~~~~~~~~~~~~~~~~~~~~~~~~~~~~~~~~~~~~~~~~~~~~~
    + CategoryInfo          : NotSpecified: (Open On-Chip De...sprogs/openocd]:String) [], RemoteException
    + FullyQualifiedErrorId : NativeCommandError
 
Licensed under GNU GPL v2
For bug reports, read
	http://openocd.org/doc/doxygen/bugs.html
Info : The selected transport took over low-level target control. The results might differ compared to plain JTAG/SWD
none separate

Info : clock speed 1800 kHz
Info : STLINK V2J33M25 (API v2) VID:PID 0483:374B
Info : Target voltage: 3.239448
Info : stm32h7x.cpu: hardware has 8 breakpoints, 4 watchpoints
Info : Listening on port 3333 for gdb connections
19824 bytes written at address 0x20000000
downloaded 19824 bytes in 0.199734s (96.926 KiB/s)

target halted due to debug-request, current mode: Handler HardFault
xPSR: 0x01000003 pc: 0xfffffffe msp: 0xfffffffc
1048576 bytes written at address 0x24000000
downloaded 1048576 bytes in 10.506039s (97.468 KiB/s)

sp (/32): 0x20020000

pc (/32): 0x20003559

openocd : Open On-Chip Debugger 0.10.0 (2019-08-28) [https://github.com/sysprogs/openocd]
In riga:1 car:1
+ openocd -f C:\Users\lou\Desktop\Proj\NintendoGameNWatch\game-and-watc ...
+ ~~~~~~~~~~~~~~~~~~~~~~~~~~~~~~~~~~~~~~~~~~~~~~~~~~~~~~~~~~~~~~~~~~~~~
    + CategoryInfo          : NotSpecified: (Open On-Chip De...sprogs/openocd]:String) [], RemoteException
    + FullyQualifiedErrorId : NativeCommandError
 
Licensed under GNU GPL v2
For bug reports, read
	http://openocd.org/doc/doxygen/bugs.html
Info : The selected transport took over low-level target control. The results might differ compared to plain JTAG/SWD
none separate

Info : clock speed 1800 kHz
Info : STLINK V2J33M25 (API v2) VID:PID 0483:374B
Info : Target voltage: 3.242603
Info : stm32h7x.cpu: hardware has 8 breakpoints, 4 watchpoints
Info : Listening on port 3333 for gdb connections
19824 bytes written at address 0x20000000
downloaded 19824 bytes in 0.199582s (97.000 KiB/s)

target halted due to debug-request, current mode: Handler HardFault
xPSR: 0x01000003 pc: 0xfffffffe msp: 0xfffffffc
1048576 bytes written at address 0x24000000
downloaded 1048576 bytes in 10.505451s (97.473 KiB/s)

sp (/32): 0x20020000

pc (/32): 0x20003559

openocd : Open On-Chip Debugger 0.10.0 (2019-08-28) [https://github.com/sysprogs/openocd]
In riga:1 car:1
+ openocd -f C:\Users\lou\Desktop\Proj\NintendoGameNWatch\game-and-watc ...
+ ~~~~~~~~~~~~~~~~~~~~~~~~~~~~~~~~~~~~~~~~~~~~~~~~~~~~~~~~~~~~~~~~~~~~~
    + CategoryInfo          : NotSpecified: (Open On-Chip De...sprogs/openocd]:String) [], RemoteException
    + FullyQualifiedErrorId : NativeCommandError
 
Licensed under GNU GPL v2
For bug reports, read
	http://openocd.org/doc/doxygen/bugs.html
Info : The selected transport took over low-level target control. The results might differ compared to plain JTAG/SWD
none separate

Info : clock speed 1800 kHz
Info : STLINK V2J33M25 (API v2) VID:PID 0483:374B
Info : Target voltage: 3.239448
Error: init mode failed (unable to connect to the target)


openocd : Open On-Chip Debugger 0.10.0 (2019-08-28) [https://github.com/sysprogs/openocd]
In riga:1 car:1
+ openocd -f C:\Users\lou\Desktop\Proj\NintendoGameNWatch\game-and-watc ...
+ ~~~~~~~~~~~~~~~~~~~~~~~~~~~~~~~~~~~~~~~~~~~~~~~~~~~~~~~~~~~~~~~~~~~~~
    + CategoryInfo          : NotSpecified: (Open On-Chip De...sprogs/openocd]:String) [], RemoteException
    + FullyQualifiedErrorId : NativeCommandError
 
Licensed under GNU GPL v2
For bug reports, read
	http://openocd.org/doc/doxygen/bugs.html
Info : The selected transport took over low-level target control. The results might differ compared to plain JTAG/SWD
none separate

Info : clock speed 1800 kHz
Info : STLINK V2J33M25 (API v2) VID:PID 0483:374B
Info : Target voltage: 3.242603
Error: init mode failed (unable to connect to the target)


openocd : Open On-Chip Debugger 0.10.0 (2019-08-28) [https://github.com/sysprogs/openocd]
In riga:1 car:1
+ openocd -f C:\Users\lou\Desktop\Proj\NintendoGameNWatch\game-and-watc ...
+ ~~~~~~~~~~~~~~~~~~~~~~~~~~~~~~~~~~~~~~~~~~~~~~~~~~~~~~~~~~~~~~~~~~~~~
    + CategoryInfo          : NotSpecified: (Open On-Chip De...sprogs/openocd]:String) [], RemoteException
    + FullyQualifiedErrorId : NativeCommandError
 
Licensed under GNU GPL v2
For bug reports, read
	http://openocd.org/doc/doxygen/bugs.html
Info : The selected transport took over low-level target control. The results might differ compared to plain JTAG/SWD
none separate

Info : clock speed 1800 kHz
Info : STLINK V2J33M25 (API v2) VID:PID 0483:374B
Info : Target voltage: 3.242603
Error: init mode failed (unable to connect to the target)


openocd : Open On-Chip Debugger 0.10.0 (2019-08-28) [https://github.com/sysprogs/openocd]
In riga:1 car:1
+ openocd -f C:\Users\lou\Desktop\Proj\NintendoGameNWatch\game-and-watc ...
+ ~~~~~~~~~~~~~~~~~~~~~~~~~~~~~~~~~~~~~~~~~~~~~~~~~~~~~~~~~~~~~~~~~~~~~
    + CategoryInfo          : NotSpecified: (Open On-Chip De...sprogs/openocd]:String) [], RemoteException
    + FullyQualifiedErrorId : NativeCommandError
 
Licensed under GNU GPL v2
For bug reports, read
	http://openocd.org/doc/doxygen/bugs.html
Info : The selected transport took over low-level target control. The results might differ compared to plain JTAG/SWD
none separate

Info : clock speed 1800 kHz
Info : STLINK V2J33M25 (API v2) VID:PID 0483:374B
Info : Target voltage: 3.239448
Error: init mode failed (unable to connect to the target)


openocd : Open On-Chip Debugger 0.10.0 (2019-08-28) [https://github.com/sysprogs/openocd]
In riga:1 car:1
+ openocd -f C:\Users\lou\Desktop\Proj\NintendoGameNWatch\game-and-watc ...
+ ~~~~~~~~~~~~~~~~~~~~~~~~~~~~~~~~~~~~~~~~~~~~~~~~~~~~~~~~~~~~~~~~~~~~~
    + CategoryInfo          : NotSpecified: (Open On-Chip De...sprogs/openocd]:String) [], RemoteException
    + FullyQualifiedErrorId : NativeCommandError
 
Licensed under GNU GPL v2
For bug reports, read
	http://openocd.org/doc/doxygen/bugs.html
embedded:startup.tcl:26: Error: Can't find C:\Users\lou\Desktop\Proj\NintendoGameNWatch\game-and-watch-backup-main\openocd\interface_slink.cfg
in procedure 'script' 
at file "embedded:startup.tcl", line 26
openocd : Open On-Chip Debugger 0.10.0 (2019-08-28) [https://github.com/sysprogs/openocd]
In riga:1 car:1
+ openocd -f C:\Users\lou\Desktop\Proj\NintendoGameNWatch\game-and-watc ...
+ ~~~~~~~~~~~~~~~~~~~~~~~~~~~~~~~~~~~~~~~~~~~~~~~~~~~~~~~~~~~~~~~~~~~~~
    + CategoryInfo          : NotSpecified: (Open On-Chip De...sprogs/openocd]:String) [], RemoteException
    + FullyQualifiedErrorId : NativeCommandError
 
Licensed under GNU GPL v2
For bug reports, read
	http://openocd.org/doc/doxygen/bugs.html
Info : The selected transport took over low-level target control. The results might differ compared to plain JTAG/SWD
none separate

Info : clock speed 1800 kHz
Info : STLINK V2J33M25 (API v2) VID:PID 0483:374B
Info : Target voltage: 3.242603
Error: init mode failed (unable to connect to the target)


openocd : Open On-Chip Debugger 0.10.0 (2019-08-28) [https://github.com/sysprogs/openocd]
In riga:1 car:1
+ openocd -f C:\Users\lou\Desktop\Proj\NintendoGameNWatch\game-and-watc ...
+ ~~~~~~~~~~~~~~~~~~~~~~~~~~~~~~~~~~~~~~~~~~~~~~~~~~~~~~~~~~~~~~~~~~~~~
    + CategoryInfo          : NotSpecified: (Open On-Chip De...sprogs/openocd]:String) [], RemoteException
    + FullyQualifiedErrorId : NativeCommandError
 
Licensed under GNU GPL v2
For bug reports, read
	http://openocd.org/doc/doxygen/bugs.html
Info : The selected transport took over low-level target control. The results might differ compared to plain JTAG/SWD
none separate

Info : clock speed 1800 kHz
Info : STLINK V2J33M25 (API v2) VID:PID 0483:374B
Info : Target voltage: 3.241026
Info : stm32h7x.cpu: hardware has 8 breakpoints, 4 watchpoints
Info : Listening on port 3333 for gdb connections
19824 bytes written at address 0x20000000
downloaded 19824 bytes in 0.198722s (97.419 KiB/s)

target halted due to debug-request, current mode: Handler HardFault
xPSR: 0x01000003 pc: 0xfffffffe msp: 0xfffffffc
1048576 bytes written at address 0x24000000
downloaded 1048576 bytes in 10.508931s (97.441 KiB/s)

sp (/32): 0x20020000

pc (/32): 0x20003559

openocd : Open On-Chip Debugger 0.10.0 (2019-08-28) [https://github.com/sysprogs/openocd]
In riga:1 car:1
+ openocd -f C:\Users\lou\Desktop\Proj\NintendoGameNWatch\game-and-watc ...
+ ~~~~~~~~~~~~~~~~~~~~~~~~~~~~~~~~~~~~~~~~~~~~~~~~~~~~~~~~~~~~~~~~~~~~~
    + CategoryInfo          : NotSpecified: (Open On-Chip De...sprogs/openocd]:String) [], RemoteException
    + FullyQualifiedErrorId : NativeCommandError
 
Licensed under GNU GPL v2
For bug reports, read
	http://openocd.org/doc/doxygen/bugs.html
Info : The selected transport took over low-level target control. The results might differ compared to plain JTAG/SWD
none separate

Info : clock speed 1800 kHz
Info : STLINK V2J33M25 (API v2) VID:PID 0483:374B
Info : Target voltage: 3.236292
Info : stm32h7x.cpu: hardware has 8 breakpoints, 4 watchpoints
Info : Listening on port 3333 for gdb connections
19824 bytes written at address 0x20000000
downloaded 19824 bytes in 0.197856s (97.846 KiB/s)

target halted due to debug-request, current mode: Handler HardFault
xPSR: 0x01000003 pc: 0xfffffffe msp: 0xfffffffc
1048576 bytes written at address 0x24000000
downloaded 1048576 bytes in 10.507252s (97.457 KiB/s)

sp (/32): 0x20020000

pc (/32): 0x20003559

openocd : Open On-Chip Debugger 0.10.0 (2019-08-28) [https://github.com/sysprogs/openocd]
In riga:1 car:1
+ openocd -f C:\Users\lou\Desktop\Proj\NintendoGameNWatch\game-and-watc ...
+ ~~~~~~~~~~~~~~~~~~~~~~~~~~~~~~~~~~~~~~~~~~~~~~~~~~~~~~~~~~~~~~~~~~~~~
    + CategoryInfo          : NotSpecified: (Open On-Chip De...sprogs/openocd]:String) [], RemoteException
    + FullyQualifiedErrorId : NativeCommandError
 
Licensed under GNU GPL v2
For bug reports, read
	http://openocd.org/doc/doxygen/bugs.html
Info : The selected transport took over low-level target control. The results might differ compared to plain JTAG/SWD
none separate

Info : clock speed 1800 kHz
Info : STLINK V2J33M25 (API v2) VID:PID 0483:374B
Info : Target voltage: 3.236292
Info : stm32h7x.cpu: hardware has 8 breakpoints, 4 watchpoints
Info : Listening on port 3333 for gdb connections
19824 bytes written at address 0x20000000
downloaded 19824 bytes in 0.198526s (97.516 KiB/s)

target halted due to debug-request, current mode: Thread 
xPSR: 0x01000000 pc: 0x08017a44 msp: 0x20011330
Error: couldn't open C:UserslouDesktopProjNintendoGameNWatchgame-and-watch-backup-mainackupslash_backup.bin

openocd : Open On-Chip Debugger 0.10.0 (2019-08-28) [https://github.com/sysprogs/openocd]
In riga:1 car:1
+ openocd -f C:\Users\lou\Desktop\Proj\NintendoGameNWatch\game-and-watc ...
+ ~~~~~~~~~~~~~~~~~~~~~~~~~~~~~~~~~~~~~~~~~~~~~~~~~~~~~~~~~~~~~~~~~~~~~
    + CategoryInfo          : NotSpecified: (Open On-Chip De...sprogs/openocd]:String) [], RemoteException
    + FullyQualifiedErrorId : NativeCommandError
 
Licensed under GNU GPL v2
For bug reports, read
	http://openocd.org/doc/doxygen/bugs.html
Info : The selected transport took over low-level target control. The results might differ compared to plain JTAG/SWD
none separate

Info : clock speed 1800 kHz
Info : STLINK V2J33M25 (API v2) VID:PID 0483:374B
Info : Target voltage: 3.236292
Error: init mode failed (unable to connect to the target)


openocd : Open On-Chip Debugger 0.10.0 (2019-08-28) [https://github.com/sysprogs/openocd]
In riga:1 car:1
+ openocd -f C:\Users\lou\Desktop\Proj\NintendoGameNWatch\game-and-watc ...
+ ~~~~~~~~~~~~~~~~~~~~~~~~~~~~~~~~~~~~~~~~~~~~~~~~~~~~~~~~~~~~~~~~~~~~~
    + CategoryInfo          : NotSpecified: (Open On-Chip De...sprogs/openocd]:String) [], RemoteException
    + FullyQualifiedErrorId : NativeCommandError
 
Licensed under GNU GPL v2
For bug reports, read
	http://openocd.org/doc/doxygen/bugs.html
Info : The selected transport took over low-level target control. The results might differ compared to plain JTAG/SWD
none separate

Info : clock speed 1800 kHz
Info : STLINK V2J33M25 (API v2) VID:PID 0483:374B
Info : Target voltage: 3.236292
Error: init mode failed (unable to connect to the target)


openocd : Open On-Chip Debugger 0.10.0 (2019-08-28) [https://github.com/sysprogs/openocd]
In riga:1 car:1
+ openocd -f C:\Users\lou\Desktop\Proj\NintendoGameNWatch\game-and-watc ...
+ ~~~~~~~~~~~~~~~~~~~~~~~~~~~~~~~~~~~~~~~~~~~~~~~~~~~~~~~~~~~~~~~~~~~~~
    + CategoryInfo          : NotSpecified: (Open On-Chip De...sprogs/openocd]:String) [], RemoteException
    + FullyQualifiedErrorId : NativeCommandError
 
Licensed under GNU GPL v2
For bug reports, read
	http://openocd.org/doc/doxygen/bugs.html
Info : The selected transport took over low-level target control. The results might differ compared to plain JTAG/SWD
none separate

Info : clock speed 1800 kHz
Info : STLINK V2J33M25 (API v2) VID:PID 0483:374B
Info : Target voltage: 3.236292
Info : stm32h7x.cpu: hardware has 8 breakpoints, 4 watchpoints
Info : Listening on port 3333 for gdb connections
19824 bytes written at address 0x20000000
downloaded 19824 bytes in 0.199188s (97.191 KiB/s)

target halted due to debug-request, current mode: Thread 
xPSR: 0x01000000 pc: 0x08017a44 msp: 0x20011330
1048576 bytes written at address 0x24000000
downloaded 1048576 bytes in 10.505740s (97.471 KiB/s)

sp (/32): 0x20020000

pc (/32): 0x20003559

